You are not saving the plots
t lim1 =  47.5
t lim2 =  52.5
TS position= [3.08065]
Ece position =  [3.08]
PSIi HRTS =  0.013  - Ri HRTS =  2.999
PSIf HRTS =  0.012  - Rf HRTS =  3.162
Number of PSI-HRTS Values =  11
Psi-hrts average over a lenght (cm):  16.31
PSIi ECE =  0.013  - Ri ECE =  3.024
PSIf ECE =  0.013  - Rf ECE =  3.136
Number of PSI-ECE Values =  5
Psi-ece average over a lenght (cm):  11.2
RHOi HRTS =  0.113  - Ri HRTS =  2.967
RHOf HRTS =  0.192  - Rf HRTS =  3.276
Number of RHO-HRTS Values =  20
Rho-hrts average over a lenght (cm):  30.905
RHOi ECE =  0.19  - Ri ECE =  2.884
RHOf ECE =  0.176  - Rf ECE =  3.248
Number of RHO-ECE Values =  14
Rho-ece average over a lenght (cm):  36.4
selected_time_mio: 50.024956
selected_time_slice: 50.024956
